Der Buildvorgang wurde am 11.11.2014 11:10:01 gestartet.
     1>Projekt "C:\Users\pchs\Desktop\Programmierung-III\Programmierung III\Uebung 3 - rekursive und nicht-rekursive Algorithmen\Uebung 3 - rekursive und nicht-rekursive Algorithmen.vcxproj" auf Knoten "2", Build Ziel(e).
     1>InitializeBuildStatus:
         "Debug\Uebung 3 - rekursive und nicht-rekursive Algorithmen.unsuccessfulbuild" wird erstellt, da "AlwaysCreate" angegeben wurde.
       ClCompile:
         C:\Program Files\Microsoft Visual Studio 11.0\VC\bin\CL.exe /c /ZI /nologo /W3 /WX- /Od /Oy- /D _MBCS /Gm /EHsc /RTC1 /MDd /GS /fp:precise /Zc:wchar_t /Zc:forScope /Fo"Debug\\" /Fd"Debug\vc110.pdb" /Gd /TC /analyze- /errorReport:prompt Potenzfunktion.c Test.c hanoi.c
         hanoi.c
         Test.c
         Potenzfunktion.c
     1>c:\users\pchs\desktop\programmierung-iii\programmierung iii\uebung 3 - rekursive und nicht-rekursive algorithmen\potenzfunktion.c(32): warning C4244: '=': Konvertierung von 'double' in 'int', möglicher Datenverlust
     1>c:\users\pchs\desktop\programmierung-iii\programmierung iii\uebung 3 - rekursive und nicht-rekursive algorithmen\potenzfunktion.c(37): warning C4244: '=': Konvertierung von 'double' in 'int', möglicher Datenverlust
         Code wird generiert...
       Link:
         C:\Program Files\Microsoft Visual Studio 11.0\VC\bin\link.exe /ERRORREPORT:PROMPT /OUT:"C:\Users\pchs\Desktop\Programmierung-III\Programmierung III\Debug\Uebung 3 - rekursive und nicht-rekursive Algorithmen.exe" /INCREMENTAL /NOLOGO kernel32.lib user32.lib gdi32.lib winspool.lib comdlg32.lib advapi32.lib shell32.lib ole32.lib oleaut32.lib uuid.lib odbc32.lib odbccp32.lib /MANIFEST /MANIFESTUAC:"level='asInvoker' uiAccess='false'" /manifest:embed /DEBUG /PDB:"C:\Users\pchs\Desktop\Programmierung-III\Programmierung III\Debug\Uebung 3 - rekursive und nicht-rekursive Algorithmen.pdb" /TLBID:1 /DYNAMICBASE /NXCOMPAT /IMPLIB:"C:\Users\pchs\Desktop\Programmierung-III\Programmierung III\Debug\Uebung 3 - rekursive und nicht-rekursive Algorithmen.lib" /MACHINE:X86 Debug\hanoi.obj
         Debug\Potenzfunktion.obj
         Debug\Test.obj
         Uebung 3 - rekursive und nicht-rekursive Algorithmen.vcxproj -> C:\Users\pchs\Desktop\Programmierung-III\Programmierung III\Debug\Uebung 3 - rekursive und nicht-rekursive Algorithmen.exe
       FinalizeBuildStatus:
         Die Datei "Debug\Uebung 3 - rekursive und nicht-rekursive Algorithmen.unsuccessfulbuild" wird gelöscht.
         Aktualisieren des Timestamps von "Debug\Uebung 3 - rekursive und nicht-rekursive Algorithmen.lastbuildstate".
     1>Die Erstellung des Projekts "C:\Users\pchs\Desktop\Programmierung-III\Programmierung III\Uebung 3 - rekursive und nicht-rekursive Algorithmen\Uebung 3 - rekursive und nicht-rekursive Algorithmen.vcxproj" ist abgeschlossen, Build Ziel(e).

Build erfolgreich.

Verstrichene Zeit 00:00:00.46
